#
# A fatal error has been detected by the Java Runtime Environment:
#
#  Internal Error (exceptions.cpp:424), pid=62717, tid=5643
#  fatal error: ExceptionMark destructor expects no pending exceptions
#
# JRE version: Java(TM) SE Runtime Environment (7.0_67-b01) (build 1.7.0_67-b01)
# Java VM: Java HotSpot(TM) 64-Bit Server VM (24.65-b04 mixed mode bsd-amd64 compressed oops)
# Failed to write core dump. Core dumps have been disabled. To enable core dumping, try "ulimit -c unlimited" before starting Java again
#
# If you would like to submit a bug report, please visit:
#   http://bugreport.sun.com/bugreport/crash.jsp
#

---------------  T H R E A D  ---------------

Current thread (0x00007fb2c2009000):  JavaThread "main" [_thread_in_vm, id=5643, stack(0x0000000103760000,0x0000000103860000)]

Stack: [0x0000000103760000,0x0000000103860000],  sp=0x000000010385b1a0,  free space=1004k
Native frames: (J=compiled Java code, j=interpreted, Vv=VM code, C=native code)
V  [libjvm.dylib+0x52b19d]  VMError::report_and_die()+0x5cd
V  [libjvm.dylib+0x52b733]  crash_handler(int, __siginfo*, void*)+0x6a
C  [libsystem_platform.dylib+0x4f1a]  _sigtramp+0x1a
C  0x000000017b0e1780
V  [libjvm.dylib+0x52b015]  VMError::report_and_die()+0x445
V  [libjvm.dylib+0x52b733]  crash_handler(int, __siginfo*, void*)+0x6a
C  [libsystem_platform.dylib+0x4f1a]  _sigtramp+0x1a
C  0x00007fb200000000
V  [libjvm.dylib+0x52b015]  VMError::report_and_die()+0x445
V  [libjvm.dylib+0x52b733]  crash_handler(int, __siginfo*, void*)+0x6a
C  [libsystem_platform.dylib+0x4f1a]  _sigtramp+0x1a
C  0x0000000000000000
V  [libjvm.dylib+0x52b015]  VMError::report_and_die()+0x445
V  [libjvm.dylib+0x52b733]  crash_handler(int, __siginfo*, void*)+0x6a
C  [libsystem_platform.dylib+0x4f1a]  _sigtramp+0x1a
C  0x0000000000000000
V  [libjvm.dylib+0x52b015]  VMError::report_and_die()+0x445
V  [libjvm.dylib+0x1ecfd5]  report_vm_error(char const*, int, char const*, char const*)+0x54
V  [libjvm.dylib+0x240eef]  ExceptionMark::~ExceptionMark()+0x95
V  [libjvm.dylib+0x199ad4]  ClassLoader::create_class_path_entry(char*, stat, ClassPathEntry**, bool)+0x356
V  [libjvm.dylib+0x19a6bc]  LazyClassPathEntry::resolve_entry()+0x46
V  [libjvm.dylib+0x1996e8]  LazyClassPathEntry::open_stream(char const*)+0x34
V  [libjvm.dylib+0x1989df]  ClassLoader::load_classfile(Symbol*, Thread*)+0x155
V  [libjvm.dylib+0x4c92d9]  SystemDictionary::load_instance_class(Symbol*, Handle, Thread*)+0xf3
V  [libjvm.dylib+0x4c8e52]  SystemDictionary::resolve_instance_class_or_null(Symbol*, Handle, Handle, Thread*)+0x4bc
V  [libjvm.dylib+0x4c972a]  SystemDictionary::resolve_or_null(Symbol*, Handle, Handle, Thread*)+0x104
V  [libjvm.dylib+0x3300a7]  JVM_FindClassFromBootLoader+0x73
C  [libjava.dylib+0x1847]  Java_java_lang_ClassLoader_findBootstrapClass+0xb5
j  java.lang.ClassLoader.findBootstrapClass(Ljava/lang/String;)Ljava/lang/Class;+0
j  java.lang.ClassLoader.findBootstrapClassOrNull(Ljava/lang/String;)Ljava/lang/Class;+12
j  java.lang.ClassLoader.loadClass(Ljava/lang/String;Z)Ljava/lang/Class;+48
j  java.lang.ClassLoader.loadClass(Ljava/lang/String;Z)Ljava/lang/Class;+38
j  sun.misc.Launcher$AppClassLoader.loadClass(Ljava/lang/String;Z)Ljava/lang/Class;+36
j  java.lang.ClassLoader.loadClass(Ljava/lang/String;)Ljava/lang/Class;+3
j  sun.security.jca.ProviderConfig$2.run()Ljava/security/Provider;+50
j  sun.security.jca.ProviderConfig$2.run()Ljava/lang/Object;+1
v  ~StubRoutines::call_stub
V  [libjvm.dylib+0x2daef8]  JavaCalls::call_helper(JavaValue*, methodHandle*, JavaCallArguments*, Thread*)+0x22a
V  [libjvm.dylib+0x2dacc8]  JavaCalls::call(JavaValue*, methodHandle, JavaCallArguments*, Thread*)+0x28
V  [libjvm.dylib+0x32e498]  JVM_DoPrivileged+0x411
j  java.security.AccessController.doPrivileged(Ljava/security/PrivilegedAction;)Ljava/lang/Object;+0
j  sun.security.jca.ProviderConfig.doLoadProvider()Ljava/security/Provider;+8
j  sun.security.jca.ProviderConfig.getProvider()Ljava/security/Provider;+88
j  sun.security.jca.ProviderList.getProvider(I)Ljava/security/Provider;+6
j  sun.security.jca.ProviderList$3.get(I)Ljava/security/Provider;+5
j  sun.security.jca.ProviderList$3.get(I)Ljava/lang/Object;+2
j  java.util.AbstractList$Itr.next()Ljava/lang/Object;+14
j  java.security.SecureRandom.getPrngAlgorithm()Ljava/lang/String;+22
j  java.security.SecureRandom.getDefaultPRNG(Z[B)V+0
j  java.security.SecureRandom.<init>()V+23
j  java.rmi.server.UID.<init>()V+20
j  java.rmi.server.ObjID.<clinit>()V+15
v  ~StubRoutines::call_stub
V  [libjvm.dylib+0x2daef8]  JavaCalls::call_helper(JavaValue*, methodHandle*, JavaCallArguments*, Thread*)+0x22a
V  [libjvm.dylib+0x2dacc8]  JavaCalls::call(JavaValue*, methodHandle, JavaCallArguments*, Thread*)+0x28
V  [libjvm.dylib+0x2b0403]  instanceKlass::call_class_initializer_impl(instanceKlassHandle, Thread*)+0x93
V  [libjvm.dylib+0x2b18f2]  instanceKlass::initialize_impl(instanceKlassHandle, Thread*)+0x5cc
V  [libjvm.dylib+0x2a3c49]  instanceKlass::initialize(Thread*)+0x55
V  [libjvm.dylib+0x2d70cd]  InterpreterRuntime::_new(JavaThread*, constantPoolOopDesc*, int)+0xa1
j  sun.rmi.transport.LiveRef.<init>(I)V+1
j  sun.rmi.server.UnicastServerRef.<init>(I)V+6
j  java.rmi.server.UnicastRemoteObject.exportObject(Ljava/rmi/Remote;I)Ljava/rmi/Remote;+6
j  java.rmi.server.UnicastRemoteObject.<init>(I)V+26
j  java.rmi.server.UnicastRemoteObject.<init>()V+2
j  nl.tud.dcs.fddg.client.ClientProcess.<init>()V+1
j  nl.tud.dcs.fddg.StartClient.main([Ljava/lang/String;)V+112
v  ~StubRoutines::call_stub
V  [libjvm.dylib+0x2daef8]  JavaCalls::call_helper(JavaValue*, methodHandle*, JavaCallArguments*, Thread*)+0x22a
V  [libjvm.dylib+0x2dacc8]  JavaCalls::call(JavaValue*, methodHandle, JavaCallArguments*, Thread*)+0x28
V  [libjvm.dylib+0x30e542]  jni_invoke_static(JNIEnv_*, JavaValue*, _jobject*, JNICallType, _jmethodID*, JNI_ArgumentPusher*, Thread*)+0xe6
V  [libjvm.dylib+0x3076dd]  jni_CallStaticVoidMethod+0x10b
C  [java+0x30fe]  JavaMain+0x91d
C  [libsystem_pthread.dylib+0x3268]  _pthread_body+0x83
C  [libsystem_pthread.dylib+0x31e5]  _pthread_body+0x0
C  [libsystem_pthread.dylib+0x141d]  thread_start+0xd

Java frames: (J=compiled Java code, j=interpreted, Vv=VM code)
j  java.lang.ClassLoader.findBootstrapClass(Ljava/lang/String;)Ljava/lang/Class;+0
j  java.lang.ClassLoader.findBootstrapClassOrNull(Ljava/lang/String;)Ljava/lang/Class;+12
j  java.lang.ClassLoader.loadClass(Ljava/lang/String;Z)Ljava/lang/Class;+48
j  java.lang.ClassLoader.loadClass(Ljava/lang/String;Z)Ljava/lang/Class;+38
j  sun.misc.Launcher$AppClassLoader.loadClass(Ljava/lang/String;Z)Ljava/lang/Class;+36
j  java.lang.ClassLoader.loadClass(Ljava/lang/String;)Ljava/lang/Class;+3
j  sun.security.jca.ProviderConfig$2.run()Ljava/security/Provider;+50
j  sun.security.jca.ProviderConfig$2.run()Ljava/lang/Object;+1
v  ~StubRoutines::call_stub
j  java.security.AccessController.doPrivileged(Ljava/security/PrivilegedAction;)Ljava/lang/Object;+0
j  sun.security.jca.ProviderConfig.doLoadProvider()Ljava/security/Provider;+8
j  sun.security.jca.ProviderConfig.getProvider()Ljava/security/Provider;+88
j  sun.security.jca.ProviderList.getProvider(I)Ljava/security/Provider;+6
j  sun.security.jca.ProviderList$3.get(I)Ljava/security/Provider;+5
j  sun.security.jca.ProviderList$3.get(I)Ljava/lang/Object;+2
j  java.util.AbstractList$Itr.next()Ljava/lang/Object;+14
j  java.security.SecureRandom.getPrngAlgorithm()Ljava/lang/String;+22
j  java.security.SecureRandom.getDefaultPRNG(Z[B)V+0
j  java.security.SecureRandom.<init>()V+23
j  java.rmi.server.UID.<init>()V+20
j  java.rmi.server.ObjID.<clinit>()V+15
v  ~StubRoutines::call_stub
j  sun.rmi.transport.LiveRef.<init>(I)V+1
j  sun.rmi.server.UnicastServerRef.<init>(I)V+6
j  java.rmi.server.UnicastRemoteObject.exportObject(Ljava/rmi/Remote;I)Ljava/rmi/Remote;+6
j  java.rmi.server.UnicastRemoteObject.<init>(I)V+26
j  java.rmi.server.UnicastRemoteObject.<init>()V+2
j  nl.tud.dcs.fddg.client.ClientProcess.<init>()V+1
j  nl.tud.dcs.fddg.StartClient.main([Ljava/lang/String;)V+112
v  ~StubRoutines::call_stub

---------------  P R O C E S S  ---------------

Java Threads: ( => current thread )
  0x00007fb2c2817800 JavaThread "Service Thread" daemon [_thread_blocked, id=17667, stack(0x000000010f489000,0x000000010f589000)]
  0x00007fb2c2031800 JavaThread "C2 CompilerThread1" daemon [_thread_blocked, id=17155, stack(0x000000010f386000,0x000000010f486000)]
  0x00007fb2c3844000 JavaThread "C2 CompilerThread0" daemon [_thread_blocked, id=16643, stack(0x000000010f283000,0x000000010f383000)]
  0x00007fb2c3020000 JavaThread "Signal Dispatcher" daemon [_thread_blocked, id=14095, stack(0x000000010f180000,0x000000010f280000)]
  0x00007fb2c3837800 JavaThread "Finalizer" daemon [_thread_blocked, id=11011, stack(0x000000010d838000,0x000000010d938000)]
  0x00007fb2c3831000 JavaThread "Reference Handler" daemon [_thread_blocked, id=10499, stack(0x000000010d735000,0x000000010d835000)]
=>0x00007fb2c2009000 JavaThread "main" [_thread_in_vm, id=5643, stack(0x0000000103760000,0x0000000103860000)]

Other Threads:
  0x00007fb2c2006000 VMThread [stack: 0x000000010d632000,0x000000010d732000] [id=9987]
  0x00007fb2c3840800 WatcherThread [stack: 0x000000010f58c000,0x000000010f68c000] [id=18179]

VM state:not at safepoint (normal execution)

VM Mutex/Monitor currently owned by a thread: None

Heap
 PSYoungGen      total 38912K, used 2043K [0x00000007d5500000, 0x00000007d8000000, 0x0000000800000000)
  eden space 33792K, 6% used [0x00000007d5500000,0x00000007d56fef40,0x00000007d7600000)
  from space 5120K, 0% used [0x00000007d7b00000,0x00000007d7b00000,0x00000007d8000000)
  to   space 5120K, 0% used [0x00000007d7600000,0x00000007d7600000,0x00000007d7b00000)
 ParOldGen       total 87040K, used 0K [0x0000000780000000, 0x0000000785500000, 0x00000007d5500000)
  object space 87040K, 0% used [0x0000000780000000,0x0000000780000000,0x0000000785500000)
 PSPermGen       total 21504K, used 3976K [0x000000077ae00000, 0x000000077c300000, 0x0000000780000000)
  object space 21504K, 18% used [0x000000077ae00000,0x000000077b1e2350,0x000000077c300000)

Card table byte_map: [0x0000000107200000,0x000000010762a000] byte_map_base: 0x0000000103629000

Polling page: 0x000000010389f000

Code Cache  [0x0000000104200000, 0x0000000104470000, 0x0000000107200000)
 total_blobs=212 nmethods=4 adapters=163 free_code_cache=48748Kb largest_free_block=49904640

Compilation events (8 events):
Event: 1.624 Thread 0x00007fb2c3844000    1             java.lang.String::hashCode (55 bytes)
Event: 1.634 Thread 0x00007fb2c3844000 nmethod 1 0x0000000104260550 code [0x00000001042606a0, 0x0000000104260818]
Event: 1.662 Thread 0x00007fb2c2031800    2             java.lang.String::indexOf (70 bytes)
Event: 1.665 Thread 0x00007fb2c2031800 nmethod 2 0x0000000104260150 code [0x00000001042602a0, 0x0000000104260448]
Event: 1.985 Thread 0x00007fb2c3844000    3             sun.nio.cs.UTF_8$Encoder::encode (361 bytes)
Event: 1.993 Thread 0x00007fb2c3844000 nmethod 3 0x00000001042609d0 code [0x0000000104260b40, 0x0000000104261068]
Event: 2.579 Thread 0x00007fb2c2031800    4             java.util.Properties$LineReader::readLine (452 bytes)
Event: 2.595 Thread 0x00007fb2c2031800 nmethod 4 0x0000000104267490 code [0x0000000104267620, 0x0000000104267e18]

GC Heap History (0 events):
No events

Deoptimization events (0 events):
No events

Internal exceptions (10 events):
Event: 1.983 Thread 0x00007fb2c2009000 Threw 0x00000007d567ff50 at /HUDSON/workspace/7u-2-build-macosx-x86_64/jdk7u67/1368/hotspot/src/share/vm/prims/jvm.cpp:1244
Event: 1.983 Thread 0x00007fb2c2009000 Threw 0x00000007d5683020 at /HUDSON/workspace/7u-2-build-macosx-x86_64/jdk7u67/1368/hotspot/src/share/vm/prims/jvm.cpp:1244
Event: 1.983 Thread 0x00007fb2c2009000 Threw 0x00000007d5683148 at /HUDSON/workspace/7u-2-build-macosx-x86_64/jdk7u67/1368/hotspot/src/share/vm/prims/jvm.cpp:1244
Event: 2.586 Thread 0x00007fb2c2009000 Threw 0x00000007d56ad300 at /HUDSON/workspace/7u-2-build-macosx-x86_64/jdk7u67/1368/hotspot/src/share/vm/prims/jvm.cpp:1244
Event: 2.587 Thread 0x00007fb2c2009000 Threw 0x00000007d56b4f38 at /HUDSON/workspace/7u-2-build-macosx-x86_64/jdk7u67/1368/hotspot/src/share/vm/prims/jvm.cpp:1244
Event: 2.589 Thread 0x00007fb2c2009000 Threw 0x00000007d56b8eb0 at /HUDSON/workspace/7u-2-build-macosx-x86_64/jdk7u67/1368/hotspot/src/share/vm/prims/jvm.cpp:1244
Event: 2.590 Thread 0x00007fb2c2009000 Threw 0x00000007d56bc428 at /HUDSON/workspace/7u-2-build-macosx-x86_64/jdk7u67/1368/hotspot/src/share/vm/prims/jvm.cpp:1244
Event: 2.591 Thread 0x00007fb2c2009000 Threw 0x00000007d56bfd20 at /HUDSON/workspace/7u-2-build-macosx-x86_64/jdk7u67/1368/hotspot/src/share/vm/prims/jvm.cpp:1244
Event: 2.591 Thread 0x00007fb2c2009000 Threw 0x00000007d56c3688 at /HUDSON/workspace/7u-2-build-macosx-x86_64/jdk7u67/1368/hotspot/src/share/vm/prims/jvm.cpp:1244
Event: 2.812 Thread 0x00007fb2c2009000 Threw 0x00000007d56dee50 at /HUDSON/workspace/7u-2-build-macosx-x86_64/jdk7u67/1368/hotspot/src/share/vm/classfile/classLoader.cpp:508

Events (10 events):
Event: 2.776 loading class 0x000000010c3e4660 done
Event: 2.776 loading class 0x00007fb2c3864410
Event: 2.776 loading class 0x00007fb2c3864410 done
Event: 2.776 loading class 0x00007fb2c3861e60
Event: 2.776 loading class 0x00007fb2c3861e60 done
Event: 2.809 loading class 0x000000010c3e95f0
Event: 2.809 loading class 0x000000010c3e95f0 done
Event: 2.809 loading class 0x00007fb2c38624e0
Event: 2.809 loading class 0x00007fb2c38624e0 done
Event: 2.809 loading class 0x00007fb2c1d0a920


Dynamic libraries:
0x0000000002972000 	/System/Library/Frameworks/Cocoa.framework/Versions/A/Cocoa
0x0000000002972000 	/System/Library/Frameworks/Security.framework/Versions/A/Security
0x0000000002972000 	/System/Library/Frameworks/ApplicationServices.framework/Versions/A/ApplicationServices
0x0000000002972000 	/usr/lib/libz.1.dylib
0x0000000002972000 	/usr/lib/libSystem.B.dylib
0x0000000002972000 	/usr/lib/libobjc.A.dylib
0x0000000002972000 	/System/Library/Frameworks/CoreFoundation.framework/Versions/A/CoreFoundation
0x0000000002972000 	/System/Library/Frameworks/Foundation.framework/Versions/C/Foundation
0x0000000002972000 	/System/Library/Frameworks/AppKit.framework/Versions/C/AppKit
0x0000000002972000 	/System/Library/Frameworks/CoreData.framework/Versions/A/CoreData
0x0000000002972000 	/System/Library/PrivateFrameworks/RemoteViewServices.framework/Versions/A/RemoteViewServices
0x0000000002972000 	/System/Library/PrivateFrameworks/UIFoundation.framework/Versions/A/UIFoundation
0x0000000002972000 	/System/Library/Frameworks/IOSurface.framework/Versions/A/IOSurface
0x0000000002972000 	/System/Library/Frameworks/AudioToolbox.framework/Versions/A/AudioToolbox
0x0000000002972000 	/System/Library/Frameworks/AudioUnit.framework/Versions/A/AudioUnit
0x0000000002972000 	/System/Library/PrivateFrameworks/DataDetectorsCore.framework/Versions/A/DataDetectorsCore
0x0000000002972000 	/System/Library/PrivateFrameworks/DesktopServicesPriv.framework/Versions/A/DesktopServicesPriv
0x0000000002972000 	/System/Library/Frameworks/Carbon.framework/Versions/A/Frameworks/HIToolbox.framework/Versions/A/HIToolbox
0x0000000002972000 	/System/Library/Frameworks/QuartzCore.framework/Versions/A/QuartzCore
0x0000000002972000 	/System/Library/Frameworks/Carbon.framework/Versions/A/Frameworks/SpeechRecognition.framework/Versions/A/SpeechRecognition
0x0000000002972000 	/usr/lib/libauto.dylib
0x0000000002972000 	/usr/lib/libicucore.A.dylib
0x0000000002972000 	/usr/lib/libxml2.2.dylib
0x0000000002972000 	/System/Library/PrivateFrameworks/CoreUI.framework/Versions/A/CoreUI
0x0000000002972000 	/System/Library/Frameworks/CoreAudio.framework/Versions/A/CoreAudio
0x0000000002972000 	/System/Library/Frameworks/DiskArbitration.framework/Versions/A/DiskArbitration
0x0000000002972000 	/usr/lib/liblangid.dylib
0x0000000002972000 	/System/Library/PrivateFrameworks/MultitouchSupport.framework/Versions/A/MultitouchSupport
0x0000000002972000 	/System/Library/Frameworks/IOKit.framework/Versions/A/IOKit
0x0000000002972000 	/usr/lib/libDiagnosticMessagesClient.dylib
0x0000000002972000 	/System/Library/Frameworks/CoreServices.framework/Versions/A/CoreServices
0x0000000002972000 	/System/Library/PrivateFrameworks/PerformanceAnalysis.framework/Versions/A/PerformanceAnalysis
0x0000000002972000 	/System/Library/PrivateFrameworks/GenerationalStorage.framework/Versions/A/GenerationalStorage
0x0000000002972000 	/System/Library/Frameworks/OpenGL.framework/Versions/A/OpenGL
0x0000000002972000 	/System/Library/PrivateFrameworks/Sharing.framework/Versions/A/Sharing
0x0000000002972000 	/System/Library/Frameworks/CoreGraphics.framework/Versions/A/CoreGraphics
0x0000000002972000 	/System/Library/Frameworks/CoreText.framework/Versions/A/CoreText
0x0000000002972000 	/System/Library/Frameworks/ImageIO.framework/Versions/A/ImageIO
0x0000000002972000 	/usr/lib/libextension.dylib
0x0000000002972000 	/System/Library/PrivateFrameworks/Backup.framework/Versions/A/Backup
0x0000000002972000 	/usr/lib/libarchive.2.dylib
0x0000000002972000 	/System/Library/Frameworks/CFNetwork.framework/Versions/A/CFNetwork
0x0000000002972000 	/System/Library/Frameworks/SystemConfiguration.framework/Versions/A/SystemConfiguration
0x0000000002972000 	/usr/lib/libCRFSuite.dylib
0x0000000002972000 	/usr/lib/libc++.1.dylib
0x0000000002972000 	/usr/lib/libc++abi.dylib
0x0000000002972000 	/usr/lib/system/libcache.dylib
0x0000000002972000 	/usr/lib/system/libcommonCrypto.dylib
0x0000000002972000 	/usr/lib/system/libcompiler_rt.dylib
0x0000000002972000 	/usr/lib/system/libcopyfile.dylib
0x0000000002972000 	/usr/lib/system/libcorecrypto.dylib
0x0000000002972000 	/usr/lib/system/libdispatch.dylib
0x0000000002972000 	/usr/lib/system/libdyld.dylib
0x0000000002972000 	/usr/lib/system/libkeymgr.dylib
0x0000000002972000 	/usr/lib/system/liblaunch.dylib
0x0000000002972000 	/usr/lib/system/libmacho.dylib
0x0000000002972000 	/usr/lib/system/libquarantine.dylib
0x0000000002972000 	/usr/lib/system/libremovefile.dylib
0x0000000002972000 	/usr/lib/system/libsystem_asl.dylib
0x0000000002972000 	/usr/lib/system/libsystem_blocks.dylib
0x0000000002972000 	/usr/lib/system/libsystem_c.dylib
0x0000000002972000 	/usr/lib/system/libsystem_configuration.dylib
0x0000000002972000 	/usr/lib/system/libsystem_coreservices.dylib
0x0000000002972000 	/usr/lib/system/libsystem_coretls.dylib
0x0000000002972000 	/usr/lib/system/libsystem_dnssd.dylib
0x0000000002972000 	/usr/lib/system/libsystem_info.dylib
0x0000000002972000 	/usr/lib/system/libsystem_kernel.dylib
0x0000000002972000 	/usr/lib/system/libsystem_m.dylib
0x0000000002972000 	/usr/lib/system/libsystem_malloc.dylib
0x0000000002972000 	/usr/lib/system/libsystem_network.dylib
0x0000000002972000 	/usr/lib/system/libsystem_networkextension.dylib
0x0000000002972000 	/usr/lib/system/libsystem_notify.dylib
0x0000000002972000 	/usr/lib/system/libsystem_platform.dylib
0x0000000002972000 	/usr/lib/system/libsystem_pthread.dylib
0x0000000002972000 	/usr/lib/system/libsystem_sandbox.dylib
0x0000000002972000 	/usr/lib/system/libsystem_secinit.dylib
0x0000000002972000 	/usr/lib/system/libsystem_stats.dylib
0x0000000002972000 	/usr/lib/system/libsystem_trace.dylib
0x0000000002972000 	/usr/lib/system/libunc.dylib
0x0000000002972000 	/usr/lib/system/libunwind.dylib
0x0000000002972000 	/usr/lib/system/libxpc.dylib
0x0000000002972000 	/usr/lib/libbz2.1.0.dylib
0x0000000002972000 	/usr/lib/liblzma.5.dylib
0x0000000002972000 	/usr/lib/libbsm.0.dylib
0x0000000002972000 	/usr/lib/libsqlite3.dylib
0x0000000002972000 	/usr/lib/system/libkxld.dylib
0x0000000002972000 	/usr/lib/libxar.1.dylib
0x0000000002972000 	/usr/lib/libpam.2.dylib
0x0000000002972000 	/usr/lib/libOpenScriptingUtil.dylib
0x0000000002972000 	/System/Library/Frameworks/CoreServices.framework/Versions/A/Frameworks/FSEvents.framework/Versions/A/FSEvents
0x0000000002972000 	/System/Library/Frameworks/CoreServices.framework/Versions/A/Frameworks/CarbonCore.framework/Versions/A/CarbonCore
0x0000000002972000 	/System/Library/Frameworks/CoreServices.framework/Versions/A/Frameworks/Metadata.framework/Versions/A/Metadata
0x0000000002972000 	/System/Library/Frameworks/CoreServices.framework/Versions/A/Frameworks/OSServices.framework/Versions/A/OSServices
0x0000000002972000 	/System/Library/Frameworks/CoreServices.framework/Versions/A/Frameworks/SearchKit.framework/Versions/A/SearchKit
0x0000000002972000 	/System/Library/Frameworks/CoreServices.framework/Versions/A/Frameworks/AE.framework/Versions/A/AE
0x0000000002972000 	/System/Library/Frameworks/CoreServices.framework/Versions/A/Frameworks/LaunchServices.framework/Versions/A/LaunchServices
0x0000000002972000 	/System/Library/Frameworks/CoreServices.framework/Versions/A/Frameworks/DictionaryServices.framework/Versions/A/DictionaryServices
0x0000000002972000 	/System/Library/Frameworks/NetFS.framework/Versions/A/NetFS
0x0000000002972000 	/System/Library/PrivateFrameworks/NetAuth.framework/Versions/A/NetAuth
0x0000000002972000 	/System/Library/PrivateFrameworks/login.framework/Versions/A/Frameworks/loginsupport.framework/Versions/A/loginsupport
0x0000000002972000 	/System/Library/PrivateFrameworks/TCC.framework/Versions/A/TCC
0x0000000002972000 	/usr/lib/libmecabra.dylib
0x0000000002972000 	/System/Library/Frameworks/ApplicationServices.framework/Versions/A/Frameworks/ATS.framework/Versions/A/ATS
0x0000000002972000 	/System/Library/Frameworks/ApplicationServices.framework/Versions/A/Frameworks/ColorSync.framework/Versions/A/ColorSync
0x0000000002972000 	/System/Library/Frameworks/ApplicationServices.framework/Versions/A/Frameworks/HIServices.framework/Versions/A/HIServices
0x0000000002972000 	/System/Library/Frameworks/ApplicationServices.framework/Versions/A/Frameworks/LangAnalysis.framework/Versions/A/LangAnalysis
0x0000000002972000 	/System/Library/Frameworks/ApplicationServices.framework/Versions/A/Frameworks/PrintCore.framework/Versions/A/PrintCore
0x0000000002972000 	/System/Library/Frameworks/ApplicationServices.framework/Versions/A/Frameworks/QD.framework/Versions/A/QD
0x0000000002972000 	/System/Library/Frameworks/ApplicationServices.framework/Versions/A/Frameworks/SpeechSynthesis.framework/Versions/A/SpeechSynthesis
0x0000000002972000 	/System/Library/Frameworks/Accelerate.framework/Versions/A/Accelerate
0x0000000002972000 	/System/Library/Frameworks/Accelerate.framework/Versions/A/Frameworks/vImage.framework/Versions/A/vImage
0x0000000002972000 	/System/Library/Frameworks/Accelerate.framework/Versions/A/Frameworks/vecLib.framework/Versions/A/vecLib
0x0000000002972000 	/System/Library/Frameworks/Accelerate.framework/Versions/A/Frameworks/vecLib.framework/Versions/A/libvDSP.dylib
0x0000000002972000 	/System/Library/Frameworks/Accelerate.framework/Versions/A/Frameworks/vecLib.framework/Versions/A/libvMisc.dylib
0x0000000002972000 	/System/Library/Frameworks/Accelerate.framework/Versions/A/Frameworks/vecLib.framework/Versions/A/libLAPACK.dylib
0x0000000002972000 	/System/Library/Frameworks/Accelerate.framework/Versions/A/Frameworks/vecLib.framework/Versions/A/libBLAS.dylib
0x0000000002972000 	/System/Library/Frameworks/Accelerate.framework/Versions/A/Frameworks/vecLib.framework/Versions/A/libLinearAlgebra.dylib
0x0000000002972000 	/System/Library/Frameworks/ApplicationServices.framework/Versions/A/Frameworks/ATS.framework/Versions/A/Resources/libFontParser.dylib
0x0000000002972000 	/System/Library/Frameworks/ApplicationServices.framework/Versions/A/Frameworks/ATS.framework/Versions/A/Resources/libFontRegistry.dylib
0x0000000002972000 	/System/Library/PrivateFrameworks/AppleVPA.framework/Versions/A/AppleVPA
0x0000000002972000 	/System/Library/PrivateFrameworks/AppleJPEG.framework/Versions/A/AppleJPEG
0x0000000002972000 	/System/Library/Frameworks/ImageIO.framework/Versions/A/Resources/libJPEG.dylib
0x0000000002972000 	/System/Library/Frameworks/ImageIO.framework/Versions/A/Resources/libTIFF.dylib
0x0000000002972000 	/System/Library/Frameworks/ImageIO.framework/Versions/A/Resources/libPng.dylib
0x0000000002972000 	/System/Library/Frameworks/ImageIO.framework/Versions/A/Resources/libGIF.dylib
0x0000000002972000 	/System/Library/Frameworks/ImageIO.framework/Versions/A/Resources/libJP2.dylib
0x0000000002972000 	/System/Library/Frameworks/ImageIO.framework/Versions/A/Resources/libRadiance.dylib
0x0000000002972000 	/System/Library/Frameworks/CoreVideo.framework/Versions/A/CoreVideo
0x0000000002972000 	/System/Library/Frameworks/OpenGL.framework/Versions/A/Libraries/libGLU.dylib
0x0000000002972000 	/System/Library/Frameworks/OpenGL.framework/Versions/A/Libraries/libGFXShared.dylib
0x0000000002972000 	/System/Library/Frameworks/OpenGL.framework/Versions/A/Libraries/libGL.dylib
0x0000000002972000 	/System/Library/Frameworks/OpenGL.framework/Versions/A/Libraries/libGLImage.dylib
0x0000000002972000 	/System/Library/Frameworks/OpenGL.framework/Versions/A/Libraries/libCVMSPluginSupport.dylib
0x0000000002972000 	/System/Library/Frameworks/OpenGL.framework/Versions/A/Libraries/libCoreVMClient.dylib
0x0000000002972000 	/usr/lib/libcups.2.dylib
0x0000000002972000 	/System/Library/Frameworks/Kerberos.framework/Versions/A/Kerberos
0x0000000002972000 	/System/Library/Frameworks/GSS.framework/Versions/A/GSS
0x0000000002972000 	/usr/lib/libresolv.9.dylib
0x0000000002972000 	/usr/lib/libiconv.2.dylib
0x0000000002972000 	/System/Library/PrivateFrameworks/Heimdal.framework/Versions/A/Heimdal
0x0000000002972000 	/usr/lib/libheimdal-asn1.dylib
0x0000000002972000 	/System/Library/Frameworks/OpenDirectory.framework/Versions/A/OpenDirectory
0x0000000002972000 	/System/Library/PrivateFrameworks/CommonAuth.framework/Versions/A/CommonAuth
0x0000000002972000 	/System/Library/Frameworks/OpenDirectory.framework/Versions/A/Frameworks/CFOpenDirectory.framework/Versions/A/CFOpenDirectory
0x0000000002972000 	/System/Library/Frameworks/SecurityFoundation.framework/Versions/A/SecurityFoundation
0x0000000002972000 	/System/Library/PrivateFrameworks/LanguageModeling.framework/Versions/A/LanguageModeling
0x0000000002972000 	/usr/lib/libcmph.dylib
0x0000000002972000 	/System/Library/Frameworks/ServiceManagement.framework/Versions/A/ServiceManagement
0x0000000002972000 	/usr/lib/libxslt.1.dylib
0x0000000002972000 	/System/Library/Frameworks/Carbon.framework/Versions/A/Frameworks/Ink.framework/Versions/A/Ink
0x0000000002972000 	/System/Library/Frameworks/QuartzCore.framework/Versions/A/Frameworks/CoreImage.framework/Versions/A/CoreImage
0x0000000002972000 	/System/Library/PrivateFrameworks/CrashReporterSupport.framework/Versions/A/CrashReporterSupport
0x0000000002972000 	/System/Library/Frameworks/OpenCL.framework/Versions/A/OpenCL
0x0000000002972000 	/System/Library/PrivateFrameworks/FaceCore.framework/Versions/A/FaceCore
0x0000000002972000 	/System/Library/PrivateFrameworks/Ubiquity.framework/Versions/A/Ubiquity
0x0000000002972000 	/System/Library/PrivateFrameworks/IconServices.framework/Versions/A/IconServices
0x0000000002972000 	/System/Library/PrivateFrameworks/ChunkingLibrary.framework/Versions/A/ChunkingLibrary
0x0000000002972000 	/System/Library/PrivateFrameworks/Apple80211.framework/Versions/A/Apple80211
0x0000000002972000 	/System/Library/Frameworks/CoreWLAN.framework/Versions/A/CoreWLAN
0x0000000002972000 	/System/Library/Frameworks/IOBluetooth.framework/Versions/A/IOBluetooth
0x0000000002972000 	/System/Library/PrivateFrameworks/CoreWiFi.framework/Versions/A/CoreWiFi
0x0000000002972000 	/System/Library/Frameworks/CoreBluetooth.framework/Versions/A/CoreBluetooth
0x0000000002972000 	/System/Library/PrivateFrameworks/DebugSymbols.framework/Versions/A/DebugSymbols
0x0000000002972000 	/System/Library/PrivateFrameworks/CoreSymbolication.framework/Versions/A/CoreSymbolication
0x0000000002972000 	/System/Library/PrivateFrameworks/Symbolication.framework/Versions/A/Symbolication
0x0000000002972000 	/System/Library/PrivateFrameworks/SpeechRecognitionCore.framework/Versions/A/SpeechRecognitionCore
0x0000000102d00000 	/Library/Java/JavaVirtualMachines/jdk1.7.0_67.jdk/Contents/Home/jre/lib/server/libjvm.dylib
0x0000000002972000 	/usr/lib/libstdc++.6.dylib
0x0000000103862000 	/Library/Java/JavaVirtualMachines/jdk1.7.0_67.jdk/Contents/Home/jre/lib/libverify.dylib
0x000000010386f000 	/Library/Java/JavaVirtualMachines/jdk1.7.0_67.jdk/Contents/Home/jre/lib/libjava.dylib
0x00000001038c0000 	/Library/Java/JavaVirtualMachines/jdk1.7.0_67.jdk/Contents/Home/jre/lib/libzip.dylib
0x000000010d93a000 	/System/Library/Frameworks/JavaVM.framework/Frameworks/JavaRuntimeSupport.framework/JavaRuntimeSupport
0x000000010d952000 	/System/Library/Frameworks/JavaVM.framework/Versions/A/Frameworks/JavaNativeFoundation.framework/Versions/A/JavaNativeFoundation
0x000000010d967000 	/System/Library/Frameworks/JavaVM.framework/Versions/A/JavaVM
0x0000000002972000 	/System/Library/Frameworks/Carbon.framework/Versions/A/Carbon
0x000000010d974000 	/System/Library/PrivateFrameworks/JavaLaunching.framework/Versions/A/JavaLaunching
0x0000000002972000 	/System/Library/Frameworks/Carbon.framework/Versions/A/Frameworks/CommonPanels.framework/Versions/A/CommonPanels
0x0000000002972000 	/System/Library/Frameworks/Carbon.framework/Versions/A/Frameworks/Help.framework/Versions/A/Help
0x0000000002972000 	/System/Library/Frameworks/Carbon.framework/Versions/A/Frameworks/ImageCapture.framework/Versions/A/ImageCapture
0x0000000002972000 	/System/Library/Frameworks/Carbon.framework/Versions/A/Frameworks/OpenScripting.framework/Versions/A/OpenScripting
0x0000000002972000 	/System/Library/Frameworks/Carbon.framework/Versions/A/Frameworks/Print.framework/Versions/A/Print
0x0000000002972000 	/System/Library/Frameworks/Carbon.framework/Versions/A/Frameworks/SecurityHI.framework/Versions/A/SecurityHI
0x000000010f6d2000 	/Library/Java/JavaVirtualMachines/jdk1.7.0_67.jdk/Contents/Home/jre/lib/libnet.dylib
0x000000010f72f000 	/Library/Java/JavaVirtualMachines/jdk1.7.0_67.jdk/Contents/Home/jre/lib/libnio.dylib

VM Arguments:
java_command: nl.tud.dcs.fddg.StartClient setup/servers.txt
Launcher Type: SUN_STANDARD

Environment Variables:
PATH=/usr/local/bin:/usr/bin:/bin:/usr/sbin:/sbin:/usr/texbin
SHELL=/bin/bash

Signal Handlers:
SIGSEGV: [libjvm.dylib+0x52b6c9], sa_mask[0]=0xfffefeff, sa_flags=0x00000043
SIGBUS: [libjvm.dylib+0x52b6c9], sa_mask[0]=0xfffefeff, sa_flags=0x00000042
SIGFPE: [libjvm.dylib+0x41deaa], sa_mask[0]=0xfffefeff, sa_flags=0x00000042
SIGPIPE: [libjvm.dylib+0x41deaa], sa_mask[0]=0xfffefeff, sa_flags=0x00000042
SIGXFSZ: [libjvm.dylib+0x41deaa], sa_mask[0]=0xfffefeff, sa_flags=0x00000042
SIGILL: [libjvm.dylib+0x41deaa], sa_mask[0]=0xfffefeff, sa_flags=0x00000042
SIGUSR1: SIG_DFL, sa_mask[0]=0x63807efb, sa_flags=0x00000000
SIGUSR2: [libjvm.dylib+0x41d99c], sa_mask[0]=0x00000000, sa_flags=0x00000042
SIGHUP: [libjvm.dylib+0x41bc2d], sa_mask[0]=0xfffefeff, sa_flags=0x00000042
SIGINT: SIG_IGN, sa_mask[0]=0x00000000, sa_flags=0x00000000
SIGTERM: [libjvm.dylib+0x41bc2d], sa_mask[0]=0xfffefeff, sa_flags=0x00000042
SIGQUIT: [libjvm.dylib+0x41bc2d], sa_mask[0]=0xfffefeff, sa_flags=0x00000042


---------------  S Y S T E M  ---------------

OS:Bsduname:Darwin 14.1.0 Darwin Kernel Version 14.1.0: Mon Dec 22 23:10:38 PST 2014; root:xnu-2782.10.72~2/RELEASE_X86_64 x86_64
rlimit: STACK 8192k, CORE 0k, NPROC 709, NOFILE 10240, AS infinity
load average:19.77 12.37 8.98

CPU:total 4 (2 cores per cpu, 2 threads per core) family 6 model 58 stepping 9, cmov, cx8, fxsr, mmx, sse, sse2, sse3, ssse3, sse4.1, sse4.2, popcnt, avx, aes, erms, ht, tsc, tscinvbit, tscinv

Memory: 4k page, physical 8388608k(2097152k free)

/proc/meminfo:


vm_info: Java HotSpot(TM) 64-Bit Server VM (24.65-b04) for bsd-amd64 JRE (1.7.0_67-b01), built on Jul 25 2014 08:51:51 by "java_re" with gcc 4.2.1 (Based on Apple Inc. build 5658) (LLVM build 2336.11.00)

time: Tue Mar 24 09:22:12 2015
elapsed time: 2 seconds

